<?xml version="1.0" encoding="UTF-8"?>
<!-- Generated by org.testng.reporters.JUnitReportReporter -->
<testsuite hostname="DESKTOP-OC239CQ" name="lazer.SecondTestNG.NewTest" tests="1" failures="0" timestamp="21 Feb 2016 17:51:36 GMT" time="10.807" errors="0">
  <testcase name="testGoogle" time="10.807" classname="lazer.SecondTestNG.NewTest"/>
</testsuite> <!-- lazer.SecondTestNG.NewTest -->
